This is XeTeX, Version 3.141592653-2.6-0.999993 (TeX Live 2021/Arch Linux) (preloaded format=xelatex 2021.7.30)  11 AUG 2021 16:04
entering extended mode
 restricted \write18 enabled.
 file:line:error style messages enabled.
 %&-line parsing enabled.
**Statistics-PedroBranquinho.tex
(./Statistics-PedroBranquinho.tex
LaTeX2e <2020-10-01> patch level 4
L3 programming layer <2021-02-18>
(/usr/share/texmf-dist/tex/latex/abntex2/abntex2.cls
Document Class: abntex2 2018/11/24 v-1.9.7 abnTeX2
(/usr/share/texmf-dist/tex/latex/base/ifthen.sty
Package: ifthen 2014/09/29 v1.1c Standard LaTeX ifthen package (DPC)
)
(/usr/share/texmf-dist/tex/latex/memoir/memoir.cls
Document Class: memoir 2021/03/23 v3.7o configurable book, report, article docu
ment class
\onelineskip=\skip47
\lxvchars=\skip48
\xlvchars=\skip49
\@memcnta=\count175
\c@@memmarkcntra=\count176
(/usr/share/texmf-dist/tex/generic/iftex/iftex.sty
Package: iftex 2020/03/06 v1.0d TeX engine tests
)
\stockheight=\skip50
\stockwidth=\skip51
\trimtop=\skip52
\trimedge=\skip53

(/usr/share/texmf-dist/tex/latex/memoir/mem12.clo
File: mem12.clo 2010/10/19 v0.4b memoir class 12pt size option
)
\binding=\skip54
\spinemargin=\skip55
\foremargin=\skip56
\uppermargin=\skip57
\lowermargin=\skip58
\headdrop=\skip59
\normalrulethickness=\skip60
\mem@maxheadheight=\skip61
\mem@maxfootheight=\skip62
\headwidth=\skip63
\c@storedpagenumber=\count177
\memPD=\dimen138
\m@mabparskip=\skip64
\thanksmarkwidth=\skip65
\thanksmarksep=\skip66
\droptitle=\skip67
\c@book=\count178
\c@part=\count179
\c@chapter=\count180
\c@section=\count181
\c@subsection=\count182
\c@subsubsection=\count183
\c@paragraph=\count184
\c@subparagraph=\count185
\beforechapskip=\skip68
\midchapskip=\skip69
\afterchapskip=\skip70
\chapindent=\skip71
\bottomsectionskip=\skip72
\secindent=\skip73
\beforesecskip=\skip74
\aftersecskip=\skip75
\subsecindent=\skip76
\beforesubsecskip=\skip77
\aftersubsecskip=\skip78
\subsubsecindent=\skip79
\beforesubsubsecskip=\skip80
\aftersubsubsecskip=\skip81
\paraindent=\skip82
\beforeparaskip=\skip83
\afterparaskip=\skip84
\subparaindent=\skip85
\beforesubparaskip=\skip86
\aftersubparaskip=\skip87
\pfbreakskip=\skip88
\c@@ppsavesec=\count186
\c@@ppsaveapp=\count187
\ragrparindent=\dimen139
\everylistparindent=\dimen140
\parsepi=\skip89
\topsepi=\skip90
\itemsepi=\skip91
\parsepii=\skip92
\topsepii=\skip93
\topsepiii=\skip94
\itemsepii=\skip95
\itemsepiii=\skip96
\partopsepii=\skip97
\partopsepiii=\skip98
\m@msavetopsep=\skip99
\m@msavepartopsep=\skip100
\@enLab=\toks15
\abstitleskip=\skip101
\absleftindent=\skip102
\abs@leftindent=\dimen141
\absrightindent=\skip103
\absparindent=\skip104
\absparsep=\skip105
\c@vslineno=\count188
\c@poemline=\count189
\c@modulo@vs=\count190
\c@memfvsline=\count191
\vleftskip=\skip106
\vrightskip=\skip107
\stanzaskip=\skip108
\versewidth=\skip109
\vgap=\skip110
\vindent=\skip111
\vleftmargin=\dimen142
\c@verse=\count192
\c@chrsinstr=\count193
\beforepoemtitleskip=\skip112
\afterpoemtitleskip=\skip113
\c@poem=\count194
\beforePoemTitleskip=\skip114
\midPoemTitleskip=\skip115
\afterPoemTitleskip=\skip116

(/usr/share/texmf-dist/tex/latex/tools/array.sty
Package: array 2020/10/01 v2.5c Tabular extension package (FMi)
\col@sep=\dimen143
\ar@mcellbox=\box47
\extrarowheight=\dimen144
\NC@list=\toks16
\extratabsurround=\skip117
\backup@length=\skip118
\ar@cellbox=\box48
)
(/usr/share/texmf-dist/tex/latex/tools/dcolumn.sty
Package: dcolumn 2014/10/28 v1.06 decimal alignment package (DPC)
)
(/usr/share/texmf-dist/tex/latex/tools/delarray.sty
Package: delarray 2014/10/28 v1.01 array delimiter package (DPC)
)
(/usr/share/texmf-dist/tex/latex/tools/tabularx.sty
Package: tabularx 2020/01/15 v2.11c `tabularx' package (DPC)
\TX@col@width=\dimen145
\TX@old@table=\dimen146
\TX@old@col=\dimen147
\TX@target=\dimen148
\TX@delta=\dimen149
\TX@cols=\count195
\TX@ftn=\toks17
)
\heavyrulewidth=\dimen150
\lightrulewidth=\dimen151
\cmidrulewidth=\dimen152
\belowrulesep=\dimen153
\belowbottomsep=\dimen154
\aboverulesep=\dimen155
\abovetopsep=\dimen156
\cmidrulesep=\dimen157
\cmidrulekern=\dimen158
\defaultaddspace=\dimen159
\@cmidla=\count196
\@cmidlb=\count197
\@aboverulesep=\dimen160
\@belowrulesep=\dimen161
\@thisruleclass=\count198
\@lastruleclass=\count199
\@thisrulewidth=\dimen162
\ctableftskip=\skip119
\ctabrightskip=\skip120
\abovecolumnspenalty=\count266
\@linestogo=\count267
\@cellstogo=\count268
\@cellsincolumn=\count269
\crtok=\toks18
\@mincolumnwidth=\dimen163
\c@newflo@tctr=\count270
\mem@margin@floatbox=\box49
\@contcwidth=\skip121
\@contindw=\skip122
\abovecaptionskip=\skip123
\belowcaptionskip=\skip124
\subfloattopskip=\skip125
\subfloatcapskip=\skip126
\subfloatcaptopadj=\skip127
\subfloatbottomskip=\skip128
\subfloatlabelskip=\skip129
\subfloatcapmargin=\dimen164
\c@@contsubnum=\count271
\m@mscap@capbox=\box50
\m@mscap@fbox=\box51
\sidecapsep=\dimen165
\sidecapwidth=\dimen166
\m@m@tempdima=\dimen167
\m@mscapraise=\dimen168
\sidecapraise=\dimen169
\m@mscapmainwidth=\dimen170
\m@mscaplkern=\dimen171
\beforeepigraphskip=\skip130
\afterepigraphskip=\skip131
\epigraphwidth=\skip132
\epigraphrule=\skip133
LaTeX Info: Redefining \em on input line 7650.
LaTeX Info: Redefining \emph on input line 7658.
\tocentryskip=\skip134
\tocbaseline=\skip135
\cftparskip=\skip136
\cftbeforebookskip=\skip137
\cftbookindent=\dimen172
\cftbooknumwidth=\dimen173
\cftbeforepartskip=\skip138
\cftpartindent=\skip139
\cftpartnumwidth=\skip140
\cftbeforechapterskip=\skip141
\cftchapterindent=\skip142
\cftchapternumwidth=\skip143
\cftbeforesectionskip=\skip144
\cftsectionindent=\skip145
\cftsectionnumwidth=\skip146
\cftbeforesubsectionskip=\skip147
\cftsubsectionindent=\skip148
\cftsubsectionnumwidth=\skip149
\cftbeforesubsubsectionskip=\skip150
\cftsubsubsectionindent=\skip151
\cftsubsubsectionnumwidth=\skip152
\cftbeforeparagraphskip=\skip153
\cftparagraphindent=\skip154
\cftparagraphnumwidth=\skip155
\cftbeforesubparagraphskip=\skip156
\cftsubparagraphindent=\skip157
\cftsubparagraphnumwidth=\skip158
\prechapterprecisshift=\dimen174
\c@maxsecnumdepth=\count272
\bibindent=\dimen175
\bibitemsep=\skip159
\indexcolsep=\skip160
\indexrule=\skip161
\indexmarkstyle=\toks19
\@indexbox=\insert252
\glossarycolsep=\dimen176
\glossaryrule=\dimen177
\sideparvshift=\skip162
\sideins=\insert251
\sidebartopsep=\skip163
\sidebarhsep=\skip164
\sidebarvsep=\skip165
\sidebarwidth=\skip166
\footmarkwidth=\skip167
\footmarksep=\skip168
\footparindent=\skip169
\footinsdim=\skip170
\footinsv@r=\insert250
\@mpfootinsv@r=\insert249
\m@m@k=\count273
\m@m@h=\dimen178
\m@mipn@skip=\skip171
\sidefootins=\insert248
\sidefootadjust=\skip172
\sidefootheight=\skip173
\sidefoothsep=\skip174
\sidefootvsep=\skip175
\sidefootwidth=\skip176
\m@mdownsf=\skip177
\c@sidefootnote=\count274
\sidefootmarkwidth=\skip178
\sidefootmarksep=\skip179
\sidefootparindent=\skip180
\c@pagenote=\count275
\c@pagenoteshadow=\count276
\mem@pn@lastkern=\skip181
\every@verbatim=\toks20
\afterevery@verbatim=\toks21
\verbatim@line=\toks22
\tab@position=\count277
\verbatim@in@stream=\read2
\verbatimindent=\skip182
\verbatim@out=\write3
\bvboxsep=\skip183
\c@memfbvline=\count278
\c@bvlinectr=\count279
\bvnumlength=\skip184
\fb@frw=\dimen179
\fb@frh=\dimen180
\FrameRule=\dimen181
\FrameSep=\dimen182
\c@cp@cntr=\count280
\c@ism@mctr=\count281
\c@xsm@mctr=\count282
\c@csm@mctr=\count283
\c@ksm@mctr=\count284
\c@xksm@mctr=\count285
\c@cksm@mctr=\count286
\c@msm@mctr=\count287
\c@xmsm@mctr=\count288
\c@cmsm@mctr=\count289
\c@bsm@mctr=\count290
\c@workm@mctr=\count291
\c@sheetsequence=\count292
\c@lastsheet=\count293
\c@lastpage=\count294

(/usr/share/texmf-dist/tex/latex/textcase/textcase.sty
Package: textcase 2019/09/14 v1.00 Text only upper/lower case changing (DPC)
)
\c@figure=\count295
\c@lofdepth=\count296
\cftbeforefigureskip=\skip185
\cftfigureindent=\skip186
\cftfigurenumwidth=\skip187
\c@table=\count297
\c@lotdepth=\count298
\cftbeforetableskip=\skip188
\cfttableindent=\skip189
\cfttablenumwidth=\skip190
Package abstract [2008/07/23] emulated by memoir.
Package appendix [2008/07/23] emulated by memoir.
Package booktabs [2016/05/16] emulated by memoir.
Package ccaption [2008/07/23] emulated by memoir.
Package changepage [2008/07/23] emulated by memoir.
Package chngcntr [2008/07/23] emulated by memoir.
Package chngpage [2008/07/23] emulated by memoir.
Package crop emulated by memoir.
Package enumerate [2008/07/23] emulated by memoir.
Package epigraph [2008/07/23] emulated by memoir.
Package ifmtarg [2008/07/23] emulated by memoir.
Package index [2008/07/23] emulated by memoir.
Package makeidx [2008/07/23] emulated by memoir.
Package moreverb [2008/07/23] emulated by memoir.
Package needspace [2008/07/23] emulated by memoir.
Package newfile [2008/07/23] emulated by memoir.
Package nextpage [2008/07/23] emulated by memoir.
Package pagenote [2008/07/23] emulated by memoir.
Package parskip [2008/07/23] emulated by memoir.
Package patchcmd [2008/07/23] emulated by memoir.
Package setspace [2008/07/23] emulated by memoir.
Package shortvrb [2008/07/23] emulated by memoir.
Package showidx [2008/07/23] emulated by memoir.
Package titleref [2008/07/23] emulated by memoir.
Package titling [2008/07/23] emulated by memoir.
Package tocbibind [2008/07/23] emulated by memoir.
Package tocloft [2008/07/23] emulated by memoir.
Package tocvsec2 [2008/07/23] emulated by memoir.
Package verbatim [2008/07/23] emulated by memoir.
Package verse [2008/07/23] emulated by memoir.
)
(/usr/share/texmf-dist/tex/latex/hyperref/hyperref.sty
Package: hyperref 2021-02-27 v7.00k Hypertext links for LaTeX

(/usr/share/texmf-dist/tex/generic/ltxcmds/ltxcmds.sty
Package: ltxcmds 2020-05-10 v1.25 LaTeX kernel commands for general use (HO)
)
(/usr/share/texmf-dist/tex/generic/pdftexcmds/pdftexcmds.sty
Package: pdftexcmds 2020-06-27 v0.33 Utility functions of pdfTeX for LuaTeX (HO
)

(/usr/share/texmf-dist/tex/generic/infwarerr/infwarerr.sty
Package: infwarerr 2019/12/03 v1.5 Providing info/warning/error messages (HO)
)
Package pdftexcmds Info: \pdf@primitive is available.
Package pdftexcmds Info: \pdf@ifprimitive is available.
Package pdftexcmds Info: \pdfdraftmode not found.
)
(/usr/share/texmf-dist/tex/latex/graphics/keyval.sty
Package: keyval 2014/10/28 v1.15 key=value parser (DPC)
\KV@toks@=\toks23
)
(/usr/share/texmf-dist/tex/generic/kvsetkeys/kvsetkeys.sty
Package: kvsetkeys 2019/12/15 v1.18 Key value parser (HO)
)
(/usr/share/texmf-dist/tex/generic/kvdefinekeys/kvdefinekeys.sty
Package: kvdefinekeys 2019-12-19 v1.6 Define keys (HO)
)
(/usr/share/texmf-dist/tex/generic/pdfescape/pdfescape.sty
Package: pdfescape 2019/12/09 v1.15 Implements pdfTeX's escape features (HO)
)
(/usr/share/texmf-dist/tex/latex/hycolor/hycolor.sty
Package: hycolor 2020-01-27 v1.10 Color options for hyperref/bookmark (HO)
)
(/usr/share/texmf-dist/tex/latex/letltxmacro/letltxmacro.sty
Package: letltxmacro 2019/12/03 v1.6 Let assignment for LaTeX macros (HO)
)
(/usr/share/texmf-dist/tex/latex/auxhook/auxhook.sty
Package: auxhook 2019-12-17 v1.6 Hooks for auxiliary files (HO)
)
(/usr/share/texmf-dist/tex/latex/kvoptions/kvoptions.sty
Package: kvoptions 2020-10-07 v3.14 Key value format for package options (HO)
)
\@linkdim=\dimen183
\Hy@linkcounter=\count299
\Hy@pagecounter=\count300

(/usr/share/texmf-dist/tex/latex/hyperref/pd1enc.def
File: pd1enc.def 2021-02-27 v7.00k Hyperref: PDFDocEncoding definition (HO)
)
(/usr/share/texmf-dist/tex/latex/hyperref/hyperref-langpatches.def
File: hyperref-langpatches.def 2021-02-27 v7.00k Hyperref: patches for babel la
nguages
)
(/usr/share/texmf-dist/tex/generic/intcalc/intcalc.sty
Package: intcalc 2019/12/15 v1.3 Expandable calculations with integers (HO)
)
(/usr/share/texmf-dist/tex/generic/etexcmds/etexcmds.sty
Package: etexcmds 2019/12/15 v1.7 Avoid name clashes with e-TeX commands (HO)
)
\Hy@SavedSpaceFactor=\count301

(/usr/share/texmf-dist/tex/latex/hyperref/puenc.def
File: puenc.def 2021-02-27 v7.00k Hyperref: PDF Unicode definition (HO)
)
Package hyperref Info: Hyper figures OFF on input line 4192.
Package hyperref Info: Link nesting OFF on input line 4197.
Package hyperref Info: Hyper index ON on input line 4200.
Package hyperref Info: Plain pages OFF on input line 4207.
Package hyperref Info: Backreferencing OFF on input line 4212.
Package hyperref Info: Implicit mode ON; LaTeX internals redefined.
Package hyperref Info: Bookmarks ON on input line 4445.
\c@Hy@tempcnt=\count302

(/usr/share/texmf-dist/tex/latex/url/url.sty
\Urlmuskip=\muskip16
Package: url 2013/09/16  ver 3.4  Verb mode for urls, etc.
)
LaTeX Info: Redefining \url on input line 4804.
\XeTeXLinkMargin=\dimen184

(/usr/share/texmf-dist/tex/generic/bitset/bitset.sty
Package: bitset 2019/12/09 v1.3 Handle bit-vector datatype (HO)

(/usr/share/texmf-dist/tex/generic/bigintcalc/bigintcalc.sty
Package: bigintcalc 2019/12/15 v1.5 Expandable calculations on big integers (HO
)
))
\Fld@menulength=\count303
\Field@Width=\dimen185
\Fld@charsize=\dimen186
Package hyperref Info: Hyper figures OFF on input line 6075.
Package hyperref Info: Link nesting OFF on input line 6080.
Package hyperref Info: Hyper index ON on input line 6083.
Package hyperref Info: backreferencing OFF on input line 6090.
Package hyperref Info: Link coloring OFF on input line 6095.
Package hyperref Info: Link coloring with OCG OFF on input line 6100.
Package hyperref Info: PDF/A mode OFF on input line 6105.
LaTeX Info: Redefining \ref on input line 6145.
LaTeX Info: Redefining \pageref on input line 6149.

(/usr/share/texmf-dist/tex/latex/base/atbegshi-ltx.sty
Package: atbegshi-ltx 2020/08/17 v1.0a Emulation of the original atbegshi packa
ge
with kernel methods
)
\Hy@abspage=\count304
\c@Item=\count305
\c@Hfootnote=\count306
)
(/usr/share/texmf-dist/tex/latex/memoir/memhfixc.sty
Package: memhfixc 2019/10/24 v1.18 nameref/hyperref package fixes for memoir cl
ass
\c@memhycontfloat=\count307
\c@Hpagenote=\count308
)
Package hyperref Info: Driver (autodetected): hxetex.

(/usr/share/texmf-dist/tex/latex/hyperref/hxetex.def
File: hxetex.def 2021-02-27 v7.00k Hyperref driver for XeTeX

(/usr/share/texmf-dist/tex/generic/stringenc/stringenc.sty
Package: stringenc 2019/11/29 v1.12 Convert strings between diff. encodings (HO
)
)
\pdfm@box=\box52
\c@Hy@AnnotLevel=\count309
\HyField@AnnotCount=\count310
\Fld@listcount=\count311
\c@bookmark@seq@number=\count312

(/usr/share/texmf-dist/tex/latex/rerunfilecheck/rerunfilecheck.sty
Package: rerunfilecheck 2019/12/05 v1.9 Rerun checks for auxiliary files (HO)

(/usr/share/texmf-dist/tex/latex/base/atveryend-ltx.sty
Package: atveryend-ltx 2020/08/19 v1.0a Emulation of the original atvery packag
e
with kernel methods
)
(/usr/share/texmf-dist/tex/generic/uniquecounter/uniquecounter.sty
Package: uniquecounter 2019/12/15 v1.4 Provide unlimited unique counter (HO)
)
Package uniquecounter Info: New unique counter `rerunfilecheck' on input line 2
86.
)
\Hy@SectionHShift=\skip191
)
(/usr/share/texmf-dist/tex/latex/bookmark/bookmark.sty
Package: bookmark 2020-11-06 v1.29 PDF bookmarks (HO)

(/usr/share/texmf-dist/tex/latex/bookmark/bkm-dvipdfm.def
File: bkm-dvipdfm.def 2020-11-06 v1.29 bookmark driver for dvipdfm (HO)
\BKM@id=\count313
))
(/usr/share/texmf-dist/tex/generic/babel/babel.sty
Package: babel 2021/03/24 3.56 The Babel package

(/usr/share/texmf-dist/tex/generic/babel/babel.def
File: babel.def 2021/03/24 3.56 Babel common definitions
\babel@savecnt=\count314
\U@D=\dimen187
\l@babelnohyphens=\language87

(/usr/share/texmf-dist/tex/generic/babel/xebabel.def
(/usr/share/texmf-dist/tex/generic/babel/txtbabel.def))
\bbl@readstream=\read3
)
\bbl@dirlevel=\count315

(/usr/share/texmf-dist/tex/generic/babel-portuges/brazil.ldf
Language: portuges 2021/02/04 v1.2s Portuguese support from the babel system
Package babel Info: \l@brazil = using hyphenrules for portuguese
(babel)             (\language70) on input line 111.
Package babel Info: Making " an active character on input line 143.
)
(/usr/share/texmf-dist/tex/generic/babel-english/english.ldf
Language: english 2017/06/06 v3.3r English support from the babel system
Package babel Info: \l@canadian = using hyphenrules for english
(babel)             (\language0) on input line 102.
Package babel Info: \l@australian = using hyphenrules for ukenglish
(babel)             (\language21) on input line 105.
Package babel Info: \l@newzealand = using hyphenrules for ukenglish
(babel)             (\language21) on input line 108.
)

Package babel Warning: Last declared language option is `brazil',
(babel)                but the last processed one was `english'.
(babel)                The main language cannot be set as both a global
(babel)                and a package option. Use `main=brazil' as
(babel)                option. Reported on input line 1137.

) (/usr/share/texmf-dist/tex/latex/enumitem/enumitem.sty
Package: enumitem 2019/06/20 v3.9 Customized lists
\labelindent=\skip192
\enit@outerparindent=\dimen188
\enit@toks=\toks24
\enit@inbox=\box53
\enit@count@id=\count316
\enitdp@description=\count317
)
(/usr/share/texmf-dist/tex/latex/tools/calc.sty
Package: calc 2017/05/25 v4.3 Infix arithmetic (KKT,FJ)
\calc@Acount=\count318
\calc@Bcount=\count319
\calc@Adimen=\dimen189
\calc@Bdimen=\dimen190
\calc@Askip=\skip193
\calc@Bskip=\skip194
LaTeX Info: Redefining \setlength on input line 80.
LaTeX Info: Redefining \addtolength on input line 81.
\calc@Ccount=\count320
\calc@Cskip=\skip195
)

******************************************************
Stock height and width: 845.04684pt by 597.50787pt
Top and edge trims: 0pt and 0pt
Page height and width: 845.04684pt by 597.50787pt
Text height and width: 708pt by 455pt
Spine and edge margins: 85.35826pt and 56.9055pt
Upper and lower margins: 85.35826pt and 51.68858pt
Headheight and headsep: 14.5pt and 19.8738pt
Footskip: 30pt
Columnsep and columnseprule: 10pt and 0pt
Marginparsep and marginparwidth: 7pt and 42.9055pt
Sidecapsep and sidecapwidth: 7pt and 42pt
Sidebarhsep and sidebarwidth: 7pt and 42pt
Sidebarvsep and sidebartopsep: 14.5pt and 0pt
Sidebarheight: 590.14995pt
Sidefoothsep and sidefootwidth: 7pt and 42pt
Sidefootvsep and sidefootheight: 14.5pt and 590.14995pt
******************************************************

\c@abntex@bookmarkcounter=\count321
\cftlastnumwidth=\skip196
\chapternamenumlength=\skip197
\ABNTEXcitacaorecuo=\skip198
\c@alineasi=\count322
\c@alineasii=\count323
\enitdp@alineas=\count324
\c@subalineasi=\count325
\enitdp@subalineas=\count326
\c@incisosi=\count327
\enitdp@incisos=\count328
\ABNTEXsignwidth=\skip199
\ABNTEXsignthickness=\skip256
\ABNTEXsignskip=\skip257
) (/usr/share/texmf-dist/tex/latex/lm/lmodern.sty
Package: lmodern 2015/05/01 v1.6.1 Latin Modern Fonts
LaTeX Font Info:    Overwriting symbol font `operators' in version `normal'
(Font)                  OT1/cmr/m/n --> OT1/lmr/m/n on input line 22.
LaTeX Font Info:    Overwriting symbol font `letters' in version `normal'
(Font)                  OML/cmm/m/it --> OML/lmm/m/it on input line 23.
LaTeX Font Info:    Overwriting symbol font `symbols' in version `normal'
(Font)                  OMS/cmsy/m/n --> OMS/lmsy/m/n on input line 24.
LaTeX Font Info:    Overwriting symbol font `largesymbols' in version `normal'
(Font)                  OMX/cmex/m/n --> OMX/lmex/m/n on input line 25.
LaTeX Font Info:    Overwriting symbol font `operators' in version `bold'
(Font)                  OT1/cmr/bx/n --> OT1/lmr/bx/n on input line 26.
LaTeX Font Info:    Overwriting symbol font `letters' in version `bold'
(Font)                  OML/cmm/b/it --> OML/lmm/b/it on input line 27.
LaTeX Font Info:    Overwriting symbol font `symbols' in version `bold'
(Font)                  OMS/cmsy/b/n --> OMS/lmsy/b/n on input line 28.
LaTeX Font Info:    Overwriting symbol font `largesymbols' in version `bold'
(Font)                  OMX/cmex/m/n --> OMX/lmex/m/n on input line 29.
LaTeX Font Info:    Overwriting math alphabet `\mathbf' in version `normal'
(Font)                  OT1/cmr/bx/n --> OT1/lmr/bx/n on input line 31.
LaTeX Font Info:    Overwriting math alphabet `\mathsf' in version `normal'
(Font)                  OT1/cmss/m/n --> OT1/lmss/m/n on input line 32.
LaTeX Font Info:    Overwriting math alphabet `\mathit' in version `normal'
(Font)                  OT1/cmr/m/it --> OT1/lmr/m/it on input line 33.
LaTeX Font Info:    Overwriting math alphabet `\mathtt' in version `normal'
(Font)                  OT1/cmtt/m/n --> OT1/lmtt/m/n on input line 34.
LaTeX Font Info:    Overwriting math alphabet `\mathbf' in version `bold'
(Font)                  OT1/cmr/bx/n --> OT1/lmr/bx/n on input line 35.
LaTeX Font Info:    Overwriting math alphabet `\mathsf' in version `bold'
(Font)                  OT1/cmss/bx/n --> OT1/lmss/bx/n on input line 36.
LaTeX Font Info:    Overwriting math alphabet `\mathit' in version `bold'
(Font)                  OT1/cmr/bx/it --> OT1/lmr/bx/it on input line 37.
LaTeX Font Info:    Overwriting math alphabet `\mathtt' in version `bold'
(Font)                  OT1/cmtt/m/n --> OT1/lmtt/m/n on input line 38.
)
(/usr/share/texmf-dist/tex/latex/base/fontenc.sty
Package: fontenc 2020/08/10 v2.0s Standard LaTeX package
LaTeX Font Info:    Trying to load font information for T1+lmr on input line 11
2.

(/usr/share/texmf-dist/tex/latex/lm/t1lmr.fd
File: t1lmr.fd 2015/05/01 v1.6.1 Font defs for Latin Modern
))
(/usr/share/texmf-dist/tex/latex/base/inputenc.sty
Package: inputenc 2020/08/01 v1.3d Input encoding file
\inpenc@prehook=\toks25
\inpenc@posthook=\toks26


Package inputenc Warning: inputenc package ignored with utf8 based engines.

) (/usr/share/texmf-dist/tex/latex/tools/indentfirst.sty
Package: indentfirst 1995/11/23 v1.03 Indent first paragraph (DPC)
)
(/usr/share/texmf-dist/tex/latex/graphics/color.sty
Package: color 2020/02/24 v1.2b Standard LaTeX Color (DPC)

(/usr/share/texmf-dist/tex/latex/graphics-cfg/color.cfg
File: color.cfg 2016/01/02 v1.6 sample color configuration
)
Package color Info: Driver file: xetex.def on input line 147.

(/usr/share/texmf-dist/tex/latex/graphics-def/xetex.def
File: xetex.def 2021/03/18 v5.0k Graphics/color driver for xetex
))
(/usr/share/texmf-dist/tex/latex/graphics/graphicx.sty
Package: graphicx 2020/09/09 v1.2b Enhanced LaTeX Graphics (DPC,SPQR)

(/usr/share/texmf-dist/tex/latex/graphics/graphics.sty
Package: graphics 2020/08/30 v1.4c Standard LaTeX Graphics (DPC,SPQR)

(/usr/share/texmf-dist/tex/latex/graphics/trig.sty
Package: trig 2016/01/03 v1.10 sin cos tan (DPC)
)
(/usr/share/texmf-dist/tex/latex/graphics-cfg/graphics.cfg
File: graphics.cfg 2016/06/04 v1.11 sample graphics configuration
)
Package graphics Info: Driver file: xetex.def on input line 105.
)
\Gin@req@height=\dimen191
\Gin@req@width=\dimen192
)
(/usr/share/texmf-dist/tex/latex/microtype/microtype.sty
Package: microtype 2021/03/14 v2.8c Micro-typographical refinements (RS)
\MT@toks=\toks27
\MT@count=\count329
LaTeX Info: Redefining \textls on input line 790.
\MT@outer@kern=\dimen193
LaTeX Info: Redefining \textmicrotypecontext on input line 1374.
\MT@listname@count=\count330

(/usr/share/texmf-dist/tex/latex/microtype/microtype-xetex.def
File: microtype-xetex.def 2021/03/14 v2.8c Definitions specific to xetex (RS)
LaTeX Info: Redefining \lsstyle on input line 254.
)
Package microtype Info: Loading configuration file microtype.cfg.

(/usr/share/texmf-dist/tex/latex/microtype/microtype.cfg
File: microtype.cfg 2021/03/14 v2.8c microtype main configuration file (RS)
))
(/usr/share/texmf-dist/tex/xelatex/xltxtra/xltxtra.sty
Package: xltxtra 2018/12/31 v0.7 Improvements for the "XeLaTeX" format

(/usr/share/texmf-dist/tex/generic/iftex/ifluatex.sty
Package: ifluatex 2019/10/25 v1.5 ifluatex legacy package. Use iftex instead.
)
(/usr/share/texmf-dist/tex/generic/iftex/ifxetex.sty
Package: ifxetex 2019/10/25 v0.7 ifxetex legacy package. Use iftex instead.
)
(/usr/share/texmf-dist/tex/latex/fontspec/fontspec.sty
(/usr/share/texmf-dist/tex/latex/l3packages/xparse/xparse.sty
(/usr/share/texmf-dist/tex/latex/l3kernel/expl3.sty
Package: expl3 2021-02-18 L3 programming layer (loader) 

(/usr/share/texmf-dist/tex/latex/l3backend/l3backend-xetex.def
File: l3backend-xetex.def 2021-03-18 L3 backend support: XeTeX

(|extractbb --version)
\c__kernel_sys_dvipdfmx_version_int=\count331
\l__color_backend_stack_int=\count332
\g__color_backend_stack_int=\count333
\g__graphics_track_int=\count334
\l__pdf_internal_box=\box54
\g__pdf_backend_object_int=\count335
\g__pdf_backend_annotation_int=\count336
\g__pdf_backend_link_int=\count337
))
(/usr/share/texmf-dist/tex/latex/l3packages/xparse/xparse-2020-10-01.sty
(/usr/share/texmf-dist/tex/latex/l3packages/xparse/xparse-generic.tex)))
Package: fontspec 2020/02/21 v2.7i Font selection for XeLaTeX and LuaLaTeX

(/usr/share/texmf-dist/tex/latex/fontspec/fontspec-xetex.sty
Package: fontspec-xetex 2020/02/21 v2.7i Font selection for XeLaTeX and LuaLaTe
X
\l__fontspec_script_int=\count338
\l__fontspec_language_int=\count339
\l__fontspec_strnum_int=\count340
\l__fontspec_tmp_int=\count341
\l__fontspec_tmpa_int=\count342
\l__fontspec_tmpb_int=\count343
\l__fontspec_tmpc_int=\count344
\l__fontspec_em_int=\count345
\l__fontspec_emdef_int=\count346
\l__fontspec_strong_int=\count347
\l__fontspec_strongdef_int=\count348
\l__fontspec_tmpa_dim=\dimen194
\l__fontspec_tmpb_dim=\dimen195
\l__fontspec_tmpc_dim=\dimen196

(/usr/share/texmf-dist/tex/latex/base/fontenc.sty
Package: fontenc 2020/08/10 v2.0s Standard LaTeX package
)
(/usr/share/texmf-dist/tex/latex/fontspec/fontspec.cfg)))
(/usr/share/texmf-dist/tex/latex/realscripts/realscripts.sty
Package: realscripts 2016/02/13 v0.3d Access OpenType subscripts and superscrip
ts
\subsupersep=\dimen197
)
(/usr/share/texmf-dist/tex/latex/metalogo/metalogo.sty
Package: metalogo 2010/05/29 v0.12 Extended TeX logo macros
\xl@everylogo=\toks28
\xl@@everylogo=\toks29
LaTeX Info: Redefining \TeX on input line 193.
LaTeX Info: Redefining \LaTeX on input line 202.
LaTeX Info: Redefining \LaTeXe on input line 219.
)
\l__xetex_show_hyphens_wrapping_box=\box55
\l__xetex_show_hyphens_temp_box=\box56
\l__xetex_show_hyphens_final_box=\box57
\g__xetex_show_hyphens_word_box=\box58
)
(/usr/share/texmf-dist/tex/latex/grffile/grffile.sty
Package: grffile 2019/11/11 v2.1 Extended file name support for graphics (legac
y)
Package grffile Info: This package is an empty stub for compatibility on input 
line 40.
)
(/usr/share/texmf-dist/tex/latex/tools/longtable.sty
Package: longtable 2020/01/07 v4.13 Multi-page Table package (DPC)
\LTleft=\skip258
\LTright=\skip259
\LTpre=\skip260
\LTpost=\skip261
\LTchunksize=\count349
\LTcapwidth=\dimen198
\LT@head=\box59
\LT@firsthead=\box60
\LT@foot=\box61
\LT@lastfoot=\box62
\LT@cols=\count350
\LT@rows=\count351
\c@LT@tables=\count352
\c@LT@chunks=\count353
\LT@p@ftn=\toks30
)
(/usr/share/texmf-dist/tex/latex/wrapfig/wrapfig.sty
\wrapoverhang=\dimen199
\WF@size=\dimen256
\c@WF@wrappedlines=\count354
\WF@box=\box63
\WF@everypar=\toks31
Package: wrapfig 2003/01/31  v 3.6
)
(/usr/share/texmf-dist/tex/latex/graphics/rotating.sty
Package: rotating 2016/08/11 v2.16d rotated objects in LaTeX
\c@r@tfl@t=\count355
\rotFPtop=\skip262
\rotFPbot=\skip263
\rot@float@box=\box64
\rot@mess@toks=\toks32
)
(/usr/share/texmf-dist/tex/generic/ulem/ulem.sty
\UL@box=\box65
\UL@hyphenbox=\box66
\UL@skip=\skip264
\UL@hook=\toks33
\UL@height=\dimen257
\UL@pe=\count356
\UL@pixel=\dimen258
\ULC@box=\box67
Package: ulem 2019/11/18
\ULdepth=\dimen259
)
(/usr/share/texmf-dist/tex/latex/base/textcomp.sty
Package: textcomp 2020/02/02 v2.0n Standard LaTeX package
)
(/usr/share/texmf-dist/tex/latex/amsfonts/amssymb.sty
Package: amssymb 2013/01/14 v3.01 AMS font symbols

(/usr/share/texmf-dist/tex/latex/amsfonts/amsfonts.sty
Package: amsfonts 2013/01/14 v3.01 Basic AMSFonts support
\@emptytoks=\toks34
\symAMSa=\mathgroup4
\symAMSb=\mathgroup5
LaTeX Font Info:    Redeclaring math symbol \hbar on input line 98.
LaTeX Font Info:    Overwriting math alphabet `\mathfrak' in version `bold'
(Font)                  U/euf/m/n --> U/euf/b/n on input line 106.
))
(/usr/share/texmf-dist/tex/latex/capt-of/capt-of.sty
Package: capt-of 2009/12/29 v0.2 standard captions outside of floats
)
(/usr/share/texmf-dist/tex/xelatex/xunicode/xunicode.sty
File: xunicode.sty 2011/09/09 v0.981 provides access to latin accents and many 
other characters in Unicode lower plane

*** you should *not* be loading the inputenc package
*** XeTeX expects the source to be in UTF8 encoding
*** some features of other encodings may conflict, resulting in poor output.
(/usr/share/texmf-dist/tex/latex/tipa/t3enc.def
File: t3enc.def 2001/12/31 T3 encoding
)
\tipaTiiicode=\count357
\tipasavetokens=\toks35
\tipachecktokens=\toks36
)

Package fontspec Info: Could not resolve font "Hack Nerd Font/B" (it probably
(fontspec)             doesn't exist).


Package fontspec Info: Font family 'HackNerdFont(0)' created for font 'Hack
(fontspec)             Nerd Font' with options [Mapping=tex-text].
(fontspec)              
(fontspec)              This font family consists of the following NFSS
(fontspec)             series/shapes:
(fontspec)              
(fontspec)             - 'normal' (m/n) with NFSS spec.: <->"Hack Nerd
(fontspec)             Font/OT:script=latn;language=dflt;mapping=tex-text;"
(fontspec)             - 'small caps'  (m/sc) with NFSS spec.: 
(fontspec)             - 'italic' (m/it) with NFSS spec.: <->"Hack Nerd
(fontspec)             Font/I/OT:script=latn;language=dflt;mapping=tex-text;"
(fontspec)             - 'italic small caps'  (m/scit) with NFSS spec.: 
(fontspec)             - 'bold italic' (b/it) with NFSS spec.: <->"Hack Nerd
(fontspec)             Font/BI/OT:script=latn;language=dflt;mapping=tex-text;"
(fontspec)             - 'bold italic small caps'  (b/scit) with NFSS spec.: 


Package fontspec Info: Could not resolve font "HAN NOM A/BI" (it probably
(fontspec)             doesn't exist).


Package fontspec Info: Could not resolve font "HAN NOM A/B" (it probably
(fontspec)             doesn't exist).


Package fontspec Info: Could not resolve font "HAN NOM A/I" (it probably
(fontspec)             doesn't exist).


Package fontspec Info: Font family 'HANNOMA(0)' created for font 'HAN NOM A'
(fontspec)             with options [Mapping=tex-text].
(fontspec)              
(fontspec)              This font family consists of the following NFSS
(fontspec)             series/shapes:
(fontspec)              
(fontspec)             - 'normal' (m/n) with NFSS spec.: <->"HAN NOM
(fontspec)             A/OT:language=dflt;mapping=tex-text;"
(fontspec)             - 'small caps'  (m/sc) with NFSS spec.: 

LaTeX Info: Redefining \unifont on input line 76.

(/usr/share/texmf-dist/tex/latex/hyperref/backref.sty
Package: backref 2021/02/04 v1.41 Bibliographical back referencing
)
(/usr/share/texmf-dist/tex/latex/abntex2/abntex2cite.sty
Package: abntex2cite 2018/11/24 v-1.9.7 abnTeX2

(/usr/share/texmf-dist/tex/latex/abntex2/abntex2abrev.sty)
\minimumbiblabelwidth=\skip265
\ABCIauxlen=\skip266
\c@ABCIaux=\count358
\c@ABCImax=\count359

(/usr/share/texmf-dist/tex/generic/iftex/ifpdf.sty
Package: ifpdf 2019/10/25 v3.4 ifpdf legacy package. Use iftex instead.
)
(/usr/share/texmf-dist/tex/latex/relsize/relsize.sty
Package: relsize 2013/03/29 ver 4.1
)
\biblabelsep=\skip267
LaTeX Info: Redefining \newblock on input line 591.
LaTeX Info: Redefining \cite on input line 618.
\ABCItoken=\toks37
)
(/usr/share/texmf-dist/tex/latex/fontawesome5/fontawesome5.sty
Package: fontawesome5 2020/03/24 v5.13.0 Font Awesome 5

(/usr/share/texmf-dist/tex/latex/l3packages/l3keys2e/l3keys2e.sty
Package: l3keys2e 2021-03-12 LaTeX2e option processing using LaTeX3 keys
)
(/usr/share/texmf-dist/tex/latex/fontawesome5/fontawesome5-utex-helper.sty
Package: fontawesome5-utex-helper 2020/03/24 v5.13.0 uTeX helper for fontawesom
e5
LaTeX Font Info:    Trying to load font information for TU+fontawesomefree on i
nput line 69.

(/usr/share/texmf-dist/tex/latex/fontawesome5/tufontawesomefree.fd)
LaTeX Font Info:    Trying to load font information for TU+fontawesomebrands on
 input line 70.

(/usr/share/texmf-dist/tex/latex/fontawesome5/tufontawesomebrands.fd)))
(/usr/share/texmf-dist/tex/latex/ucs/ucs.sty
Package: ucs 2013/05/11 v2.2 UCS: Unicode input support

(/usr/share/texmf-dist/tex/latex/ucs/data/uni-global.def
File: uni-global.def 2013/05/13 UCS: Unicode global data
)
\uc@secondtry=\count360
\uc@combtoks=\toks38
\uc@combtoksb=\toks39
\uc@temptokena=\toks40
)
(/usr/share/texmf-dist/tex/latex/amsmath/amsmath.sty
Package: amsmath 2020/09/23 v2.17i AMS math features
\@mathmargin=\skip268

For additional information on amsmath, use the `?' option.
(/usr/share/texmf-dist/tex/latex/amsmath/amstext.sty
Package: amstext 2000/06/29 v2.01 AMS text

(/usr/share/texmf-dist/tex/latex/amsmath/amsgen.sty
File: amsgen.sty 1999/11/30 v2.0 generic functions
\@emptytoks=\toks41
\ex@=\dimen260
))
(/usr/share/texmf-dist/tex/latex/amsmath/amsbsy.sty
Package: amsbsy 1999/11/29 v1.2d Bold Symbols
\pmbraise@=\dimen261
)
(/usr/share/texmf-dist/tex/latex/amsmath/amsopn.sty
Package: amsopn 2016/03/08 v2.02 operator names
)
\inf@bad=\count361
LaTeX Info: Redefining \frac on input line 234.
\uproot@=\count362
\leftroot@=\count363
LaTeX Info: Redefining \overline on input line 399.
\classnum@=\count364
\DOTSCASE@=\count365
LaTeX Info: Redefining \ldots on input line 496.
LaTeX Info: Redefining \dots on input line 499.
LaTeX Info: Redefining \cdots on input line 620.
\Mathstrutbox@=\box68
\strutbox@=\box69
\big@size=\dimen262
LaTeX Font Info:    Redeclaring font encoding OML on input line 743.
LaTeX Font Info:    Redeclaring font encoding OMS on input line 744.
\macc@depth=\count366
\c@MaxMatrixCols=\count367
\dotsspace@=\muskip17
\c@parentequation=\count368
\dspbrk@lvl=\count369
\tag@help=\toks42
\row@=\count370
\column@=\count371
\maxfields@=\count372
\andhelp@=\toks43
\eqnshift@=\dimen263
\alignsep@=\dimen264
\tagshift@=\dimen265
\tagwidth@=\dimen266
\totwidth@=\dimen267
\lineht@=\dimen268
\@envbody=\toks44
\multlinegap=\skip269
\multlinetaggap=\skip270
\mathdisplay@stack=\toks45
LaTeX Info: Redefining \[ on input line 2923.
LaTeX Info: Redefining \] on input line 2924.
)
Package color Info: Redefining color blue on input line 157.
Package hyperref Info: Option `colorlinks' set `true' on input line 174.
\Statistics-PedroBranquinho@idxfile=\write4
\openout4 = `Statistics-PedroBranquinho.idx'.


Writing index file Statistics-PedroBranquinho.idx 
(./Statistics-PedroBranquinho.aux)
\openout1 = `Statistics-PedroBranquinho.aux'.

LaTeX Font Info:    Checking defaults for OML/cmm/m/it on input line 200.
LaTeX Font Info:    ... okay on input line 200.
LaTeX Font Info:    Checking defaults for OMS/cmsy/m/n on input line 200.
LaTeX Font Info:    ... okay on input line 200.
LaTeX Font Info:    Checking defaults for OT1/cmr/m/n on input line 200.
LaTeX Font Info:    ... okay on input line 200.
LaTeX Font Info:    Checking defaults for T1/cmr/m/n on input line 200.
LaTeX Font Info:    ... okay on input line 200.
LaTeX Font Info:    Checking defaults for TS1/cmr/m/n on input line 200.
LaTeX Font Info:    Trying to load font information for TS1+cmr on input line 2
00.

(/usr/share/texmf-dist/tex/latex/base/ts1cmr.fd
File: ts1cmr.fd 2019/12/16 v2.5j Standard LaTeX font definitions
)
LaTeX Font Info:    ... okay on input line 200.
LaTeX Font Info:    Checking defaults for TU/lmr/m/n on input line 200.
LaTeX Font Info:    ... okay on input line 200.
LaTeX Font Info:    Checking defaults for OMX/cmex/m/n on input line 200.
LaTeX Font Info:    ... okay on input line 200.
LaTeX Font Info:    Checking defaults for U/cmr/m/n on input line 200.
LaTeX Font Info:    ... okay on input line 200.
LaTeX Font Info:    Checking defaults for PD1/pdf/m/n on input line 200.
LaTeX Font Info:    ... okay on input line 200.
LaTeX Font Info:    Checking defaults for PU/pdf/m/n on input line 200.
LaTeX Font Info:    ... okay on input line 200.
LaTeX Font Info:    Checking defaults for T3/cmr/m/n on input line 200.
LaTeX Font Info:    Trying to load font information for T3+cmr on input line 20
0.

(/usr/share/texmf-dist/tex/latex/tipa/t3cmr.fd
File: t3cmr.fd 2001/12/31 TIPA font definitions
)
LaTeX Font Info:    ... okay on input line 200.
Package hyperref Info: Link coloring ON on input line 200.

(/usr/share/texmf-dist/tex/latex/hyperref/nameref.sty
Package: nameref 2021-04-02 v2.47 Cross-referencing by name of section

(/usr/share/texmf-dist/tex/latex/refcount/refcount.sty
Package: refcount 2019/12/15 v3.6 Data extraction from label references (HO)
)
(/usr/share/texmf-dist/tex/generic/gettitlestring/gettitlestring.sty
Package: gettitlestring 2019/12/15 v1.6 Cleanup title references (HO)
)
\c@section@level=\count373
)
Redoing nameref's sectioning
Redoing nameref's label
LaTeX Info: Redefining \nameref on input line 200.
LaTeX Info: Redefining \ref on input line 200.
LaTeX Info: Redefining \pageref on input line 200.
LaTeX Info: Redefining \nameref on input line 200.
\myptabbox=\box70
\myptabboxwidth=\skip271
LaTeX Info: Redefining \microtypecontext on input line 200.
Package microtype Info: Character protrusion enabled (level 2).
Package microtype Info: Using default protrusion set `alltext'.
Package microtype Info: No adjustment of tracking.
Package microtype Info: No adjustment of spacing.
Package microtype Info: No adjustment of kerning.
(/usr/share/texmf-dist/tex/latex/microtype/mt-cmr.cfg
File: mt-cmr.cfg 2013/05/19 v2.2 microtype config. file: Computer Modern Roman 
(RS)
)
Package microtype Info: Loading generic protrusion settings for font family
(microtype)             `lmr' (encoding: TU).
(microtype)             For optimal results, create family-specific settings.
(microtype)             See the microtype manual for details.

*** you should *not* be loading the inputenc package
*** XeTeX expects the source to be in UTF8 encoding
*** some features of other encodings may conflict, resulting in poor output.
(/usr/share/texmf-dist/tex/latex/ucs/ucsencs.def
File: ucsencs.def 2011/01/21 Fixes to fontencodings LGR, T3
T3\textscriptg already defined.

fontencoding T3 patched
)
Package microtype Info: Loading generic protrusion settings for font family
(microtype)             `lmss' (encoding: TU).
(microtype)             For optimal results, create family-specific settings.
(microtype)             See the microtype manual for details.

./Statistics-PedroBranquinho.tex:224: Undefined control sequence.
\imprimirdata ->\thedate 
                         
l.224 
      
The control sequence at the end of the top line
of your error message was never \def'ed. If you have
misspelled it (e.g., `\hobx'), type `I' and the correct
spelling (e.g., `I\hbox'). Otherwise just continue,
and I'll forget about whatever was undefined.

[1


] (./Statistics-PedroBranquinho.toc
LaTeX Font Info:    Trying to load font information for OT1+lmr on input line 5
.

(/usr/share/texmf-dist/tex/latex/lm/ot1lmr.fd
File: ot1lmr.fd 2015/05/01 v1.6.1 Font defs for Latin Modern
)
LaTeX Font Info:    Trying to load font information for OML+lmm on input line 5
.

(/usr/share/texmf-dist/tex/latex/lm/omllmm.fd
File: omllmm.fd 2015/05/01 v1.6.1 Font defs for Latin Modern
)
LaTeX Font Info:    Trying to load font information for OMS+lmsy on input line 
5.

(/usr/share/texmf-dist/tex/latex/lm/omslmsy.fd
File: omslmsy.fd 2015/05/01 v1.6.1 Font defs for Latin Modern
)
LaTeX Font Info:    Trying to load font information for OMX+lmex on input line 
5.

(/usr/share/texmf-dist/tex/latex/lm/omxlmex.fd
File: omxlmex.fd 2015/05/01 v1.6.1 Font defs for Latin Modern
)
LaTeX Font Info:    External font `lmex10' loaded for size
(Font)              <12> on input line 5.
LaTeX Font Info:    External font `lmex10' loaded for size
(Font)              <8> on input line 5.
LaTeX Font Info:    External font `lmex10' loaded for size
(Font)              <6> on input line 5.
LaTeX Font Info:    Trying to load font information for U+msa on input line 5.

(/usr/share/texmf-dist/tex/latex/amsfonts/umsa.fd
File: umsa.fd 2013/01/14 v3.01 AMS symbols A
)
(/usr/share/texmf-dist/tex/latex/microtype/mt-msa.cfg
File: mt-msa.cfg 2006/02/04 v1.1 microtype config. file: AMS symbols (a) (RS)
)
LaTeX Font Info:    Trying to load font information for U+msb on input line 5.

(/usr/share/texmf-dist/tex/latex/amsfonts/umsb.fd
File: umsb.fd 2013/01/14 v3.01 AMS symbols B
)
(/usr/share/texmf-dist/tex/latex/microtype/mt-msb.cfg
File: mt-msb.cfg 2005/06/01 v1.0 microtype config. file: AMS symbols (b) (RS)
) [2]
LaTeX Font Info:    External font `lmex10' loaded for size
(Font)              <10.95> on input line 67.
 [3] [4]) [5]
[6

]
File: /home/buddhilw/PP/LaTeX/AnaClara/pic-selected-210731-1700-36.png Graphic 
file (type bmp)
</home/buddhilw/PP/LaTeX/AnaClara/pic-selected-210731-1700-36.png>

Overfull \hbox (116.97858pt too wide) in paragraph at lines 276--278
[]\TU/lmr/m/n/12 The numerator reminder, being Equation 2, $\OML/lmm/m/it/12 E\
OT1/lmr/m/n/12 [(\OML/lmm/m/it/12 X \OMS/lmsy/m/n/12 ^^@ \OML/lmm/m/it/12 ^^V[]
\OT1/lmr/m/n/12 )(\OML/lmm/m/it/12 Y \OMS/lmsy/m/n/12 ^^@ \OML/lmm/m/it/12 ^^V[
]\OT1/lmr/m/n/12 )] = [][] []$ 
 []

[7

]
Missing character: There is no − ("2212) in font rm-lmr12!
 [8] [9

] [10]
Overfull \hbox (14.61336pt too wide) in paragraph at lines 407--408
[]\TU/lmr/m/n/12 As more control of child eating is exerted, the lesser chance 
of the chil***p14articipating
 []

[11

] [12

] [13

] [14

] [15

] [16

] [17

] [18

]
Package microtype Info: Loading generic protrusion settings for font family
(microtype)             `lmtt' (encoding: TU).
(microtype)             For optimal results, create family-specific settings.
(microtype)             See the microtype manual for details.
 [19

]
./Statistics-PedroBranquinho.tex:697: Undefined control sequence.
l.697 Therefore, the p-value is the \(\texrm
                                            {p_{value}}=1-\textrm{norm.cdf}\)
The control sequence at the end of the top line
of your error message was never \def'ed. If you have
misspelled it (e.g., `\hobx'), type `I' and the correct
spelling (e.g., `I\hbox'). Otherwise just continue,
and I'll forget about whatever was undefined.

Missing character: There is no μ (U+03BC) in font [lmmono12-regular]:!
Missing character: There is no σ (U+03C3) in font [lmmono12-regular]:!

Overfull \hbox (174.45982pt too wide) in paragraph at lines 736--736
 []\TU/lmtt/m/n/12 plt.vlines(x = 45.0, ymin=0, ymax=norm.pdf(45, 35, 10), colo
rs = 'green', label = 'Case value')  [] 
 []


Overfull \hbox (186.79584pt too wide) in paragraph at lines 737--737
 []\TU/lmtt/m/n/12 plt.vlines(x = 58.2633, ymin=0, ymax=norm.pdf(58.2633, 35, 1
0), colors = 'red', label = 'Cutoff')  [] 
 []

[20]
File: ../ein-images/ob-ein-a1a029700f2bb435bea76544f589baa8.png Graphic file (t
ype bmp)
<../ein-images/ob-ein-a1a029700f2bb435bea76544f589baa8.png>
 [21]
File: /home/buddhilw/PP/LaTeX/AnaClara/tabacco.png Graphic file (type bmp)
</home/buddhilw/PP/LaTeX/AnaClara/tabacco.png>
 [22

] [23

] [24

]

./Statistics-PedroBranquinho.tex:907: Package amsmath Error: Erroneous nesting 
of equation structures;
(amsmath)                trying to recover with `aligned'.

See the amsmath package documentation for explanation.
Type  H <return>  for immediate help.
 ...                                              
                                                  
l.907   \end{align}
                   
Try typing  <return>  to proceed.
If that doesn't work, type  X <return>  to quit.

[25

]
Overfull \hbox (93.78398pt too wide) in paragraph at lines 925--925
[]\TU/lmtt/m/n/12 tt.tt_ind_solve_power(effect_size=effect_size, nobs1=n_obs, a
lternative=alt, alpha=alpha)[] 
 []

Missing character: There is no μ (U+03BC) in font [lmmono12-regular]:!
Missing character: There is no σ (U+03C3) in font [lmmono12-regular]:!
Missing character: There is no μ (U+03BC) in font [lmmono12-regular]:!
Missing character: There is no σ (U+03C3) in font [lmmono12-regular]:!

Overfull \hbox (0.7239pt too wide) in paragraph at lines 957--957
 []\TU/lmtt/m/n/12 plt.plot(x, norm.pdf(x, 55, 12), label='μ: 55, σ: 12', color
='violet')[] 
 []


Overfull \hbox (192.95183pt too wide) in paragraph at lines 958--958
 []\TU/lmtt/m/n/12 plt.vlines(x = 69.7, ymin=0, ymax=norm.pdf(69.7, 55, 12), co
lors = 'red', label = '"beta"-Cutoff')  [] 
 []


Overfull \hbox (205.31183pt too wide) in paragraph at lines 959--959
 []\TU/lmtt/m/n/12 plt.vlines(x = 69.7, ymin=0, ymax=norm.pdf(69.7, 50, 12), co
lors = 'blue', label = '"alpha"-Cutoff')  [] 
 []

File: ein-images/ob-ein-a424b2f89ceb3014e785f5e69cb79ace.png Graphic file (type
 bmp)
<ein-images/ob-ein-a424b2f89ceb3014e785f5e69cb79ace.png>
[26]
Missing character: There is no μ (U+03BC) in font [lmmono12-regular]:!
Missing character: There is no σ (U+03C3) in font [lmmono12-regular]:!

Overfull \hbox (87.2199pt too wide) in paragraph at lines 998--998
 []\TU/lmtt/m/n/12 plt.plot(x, norm.pdf(x, 5, (12/np.sqrt(36))), label='Δμ: 5, 
σ: 12/√(36)', color='k')[] 
 []


Overfull \hbox (273.32782pt too wide) in paragraph at lines 999--999
 []\TU/lmtt/m/n/12 plt.vlines(x = 4.80, ymin=0, ymax=norm.pdf(4.80, 5, (12/np.s
qrt(36))), colors = 'blue', label = 'power-Cutoff')  [] 
 []

[27]
File: ein-images/ob-ein-c7c8585d6423214f9ddc917dba4275f8.png Graphic file (type
 bmp)
<ein-images/ob-ein-c7c8585d6423214f9ddc917dba4275f8.png>
 [28]

Package hyperref Warning: Token not allowed in a PDF string (Unicode):
(hyperref)                removing `math shift' on input line 1049.


Package hyperref Warning: Token not allowed in a PDF string (Unicode):
(hyperref)                removing `subscript' on input line 1049.


Package hyperref Warning: Token not allowed in a PDF string (Unicode):
(hyperref)                removing `math shift' on input line 1056.


Package hyperref Warning: Token not allowed in a PDF string (Unicode):
(hyperref)                removing `subscript' on input line 1056.

[29

] [30

] [31

]
Overfull \hbox (244.11993pt too wide) in paragraph at lines 1164--1164
 []\TU/lmtt/m/n/12 print("P-Value:{0:.2f} T-Statistic:{1:.2f}".format(pValue,tS
tat)) #print the P-Value and the T-Statistic[] 
 []


Overfull \hbox (261.42387pt too wide) in paragraph at lines 1166--1166
 []\TU/lmtt/m/n/12 #       print("mean: {0:.2f}; standard deviation: {1:.2f}; S
_pooled= {2:.2f}" .format(mean,std,s_pool,sm1))[] 
 []

[32]
Missing character: There is no μ (U+03BC) in font [lmmono12-regular]:!
Missing character: There is no σ (U+03C3) in font [lmmono12-regular]:!
Missing character: There is no μ (U+03BC) in font [lmmono12-regular]:!
Missing character: There is no σ (U+03C3) in font [lmmono12-regular]:!

Overfull \hbox (0.7239pt too wide) in paragraph at lines 1209--1209
 []\TU/lmtt/m/n/12 plt.plot(x, norm.pdf(x, 25, 1.2), label='μ: 25, σ: 1.2', col
or='blue')[] 
 []


Overfull \hbox (230.05583pt too wide) in paragraph at lines 1210--1210
 []\TU/lmtt/m/n/12 plt.vlines(x = 21.65, ymin=0, ymax=norm.pdf(21.65, 24, 1.2),
 colors = 'red', label = '"alpha/2"-Cutoff')  [] 
 []


Overfull \hbox (230.05583pt too wide) in paragraph at lines 1211--1211
 []\TU/lmtt/m/n/12 plt.vlines(x = 26.35, ymin=0, ymax=norm.pdf(26.35, 24, 1.2),
 colors = 'red', label = '"alpha/2"-Cutoff')  [] 
 []

File: ein-images/ob-ein-1bb6325678a717b7b9bb0c7a1b652287.png Graphic file (type
 bmp)
<ein-images/ob-ein-1bb6325678a717b7b9bb0c7a1b652287.png>
[33] [34] [35

]
Overfull \hbox (1.86397pt too wide) in paragraph at lines 1321--1321
 []\TU/lmtt/m/n/12 print("P-Value:{0:.2f} T-Statistic:{1:.2f}".format(pValue,tS
tat))[] 
 []

[36]
Missing character: There is no μ (U+03BC) in font [lmmono12-regular]:!
Missing character: There is no σ (U+03C3) in font [lmmono12-regular]:!

Overfull \hbox (99.56793pt too wide) in paragraph at lines 1372--1372
 []\TU/lmtt/m/n/12 plt.plot(x, norm.pdf(x, mean_before, std_before), label='μ: 
65.0, σ: 3.69', color='k')[] 
 []

Missing character: There is no μ (U+03BC) in font [lmmono12-regular]:!
Missing character: There is no σ (U+03C3) in font [lmmono12-regular]:!

Overfull \hbox (105.75992pt too wide) in paragraph at lines 1373--1373
 []\TU/lmtt/m/n/12 plt.plot(x, norm.pdf(x, mean_after, std_after), label='μ: 61
.0, σ: 3.90', color='blue')[] 
 []


Overfull \hbox (242.41582pt too wide) in paragraph at lines 1374--1374
 []\TU/lmtt/m/n/12 # plt.vlines(x = 21.65, ymin=0, ymax=norm.pdf(21.65, 24, 1.2
), colors = 'red', label = '"alpha/2"-Cutoff')  [] 
 []


Overfull \hbox (242.41582pt too wide) in paragraph at lines 1375--1375
 []\TU/lmtt/m/n/12 # plt.vlines(x = 26.35, ymin=0, ymax=norm.pdf(26.35, 24, 1.2
), colors = 'red', label = '"alpha/2"-Cutoff')  [] 
 []

File: ein-images/ob-ein-f57685b6f73a6810b0e630b3208f127f.png Graphic file (type
 bmp)
<ein-images/ob-ein-f57685b6f73a6810b0e630b3208f127f.png>
[37] [38] [39

] [40

] [41] [42

] [43] [44

] [45] [46

] [47] [48] [49

]
Overfull \hbox (30.84933pt too wide) in paragraph at lines 1922--1924
[]\TU/lmr/bx/n/12 RESULTS: \TU/lmr/m/n/12 F$[]$(statistic=27.98550724637679, pv
alue=0.00013597313862900978) 
 []

[50] [51

] [52] [53

]
Overfull \hbox (48.29332pt too wide) in paragraph at lines 2092--2094
[]\TU/lmr/bx/n/12 RESULTS: \TU/lmr/m/n/12 Power$[]$(statistic=5.662393162393162
, pvalue=0.22581947016382237) 
 []

[54]
Overfull \hbox (45.92932pt too wide) in paragraph at lines 2172--2174
[]\TU/lmr/bx/n/12 RESULTS: \TU/lmr/m/n/12 Power$[]$(statistic=26.94117647058824
, pvalue=1.4118802443206298e-
 []

[55

] [56]
./Statistics-PedroBranquinho.tex:2255: Missing $ inserted.
<inserted text> 
                $
l.2255 
       
I've inserted a begin-math/end-math symbol since I think
you left one out. Proceed, with fingers crossed.

./Statistics-PedroBranquinho.tex:2255: Missing } inserted.
<inserted text> 
                }
l.2255 
       
I've inserted something that you may have forgotten.
(See the <inserted text> above.)
With luck, this will get me unwedged. But if you
really didn't forget anything, try typing `2' now; then
my insertion and my current dilemma will both disappear.

./Statistics-PedroBranquinho.tex:2255: Missing } inserted.
<inserted text> 
                }
l.2255 
       
I've inserted something that you may have forgotten.
(See the <inserted text> above.)
With luck, this will get me unwedged. But if you
really didn't forget anything, try typing `2' now; then
my insertion and my current dilemma will both disappear.

./Statistics-PedroBranquinho.tex:2255: Missing } inserted.
<inserted text> 
                }
l.2255 
       
I've inserted something that you may have forgotten.
(See the <inserted text> above.)
With luck, this will get me unwedged. But if you
really didn't forget anything, try typing `2' now; then
my insertion and my current dilemma will both disappear.

./Statistics-PedroBranquinho.tex:2255: Missing \cr inserted.
<inserted text> 
                \cr 
l.2255 
       
I'm guessing that you meant to end an alignment here.

./Statistics-PedroBranquinho.tex:2255: Missing { inserted.
<inserted text> 
                {
l.2255 
       
I've put in what seems to be necessary to fix
the current column of the current alignment.
Try to go on, since this might almost work.

./Statistics-PedroBranquinho.tex:2255: Missing $ inserted.
<inserted text> 
                $
l.2255 
       
I've inserted a begin-math/end-math symbol since I think
you left one out. Proceed, with fingers crossed.

./Statistics-PedroBranquinho.tex:2256: Misplaced \crcr.
\endaligned ->\crcr 
                    \egroup \restorecolumn@ \egroup 
l.2256 \end{aligned}
                    
I can't figure out why you would want to use a tab mark
or \cr or \span just now. If something like a right brace
up above has ended a previous alignment prematurely,
you're probably due for more error messages, and you
might try typing `S' now just to see what is salvageable.

./Statistics-PedroBranquinho.tex:2256: Extra }, or forgotten \endgroup.
\endaligned ->\crcr \egroup 
                            \restorecolumn@ \egroup 
l.2256 \end{aligned}
                    
I've deleted a group-closing symbol because it seems to be
spurious, as in `$x}$'. But perhaps the } is legitimate and
you forgot something else, as in `\hbox{$x}'. In such cases
the way to recover is to insert both the forgotten and the
deleted material, e.g., by typing `I$}'.

./Statistics-PedroBranquinho.tex:2256: Extra }, or forgotten \endgroup.
\endaligned ...cr \egroup \restorecolumn@ \egroup 
                                                  
l.2256 \end{aligned}
                    
I've deleted a group-closing symbol because it seems to be
spurious, as in `$x}$'. But perhaps the } is legitimate and
you forgot something else, as in `\hbox{$x}'. In such cases
the way to recover is to insert both the forgotten and the
deleted material, e.g., by typing `I$}'.

[57

]
Overfull \hbox (117.60399pt too wide) in paragraph at lines 2319--2319
 []\TU/lmtt/m/n/12 contigency_pct = pd.crosstab(df['Attendence'], df['SeatingCa
tegory'], normalize='index')[] 
 []

[58]
File: ein-images/ob-ein-12f4e03a07295d4277c34e8e9787fc90.png Graphic file (type
 bmp)
<ein-images/ob-ein-12f4e03a07295d4277c34e8e9787fc90.png>
 [59] [60

] [61]
\tf@toc=\write5
\openout5 = `Statistics-PedroBranquinho.toc'.

 (./Statistics-PedroBranquinho.aux)

LaTeX Warning: Label(s) may have changed. Rerun to get cross-references right.

 ) 
Here is how much of TeX's memory you used:
 23876 strings out of 476919
 402864 string characters out of 5827674
 840870 words of memory out of 5000000
 43456 multiletter control sequences out of 15000+600000
 423400 words of font info for 80 fonts, out of 8000000 for 9000
 1348 hyphenation exceptions out of 8191
 96i,18n,103p,369b,696s stack positions out of 5000i,500n,10000p,200000b,80000s

Output written on Statistics-PedroBranquinho.pdf (61 pages).
